This is pdfTeX, Version 3.14159265-2.6-1.40.21 (TeX Live 2020) (preloaded format=pdflatex 2020.6.24)  30 SEP 2021 11:56
entering extended mode
 restricted \write18 enabled.
 %&-line parsing enabled.
**AsanaMaster.tex
(./AsanaMaster.tex
LaTeX2e <2020-02-02> patch level 5
L3 programming layer <2020-03-06>
(/usr/local/texlive/2020/texmf-dist/tex/latex/base/book.cls
Document Class: book 2019/12/20 v1.4l Standard LaTeX document class
(/usr/local/texlive/2020/texmf-dist/tex/latex/base/bk12.clo
File: bk12.clo 2019/12/20 v1.4l Standard LaTeX file (size option)
)
\c@part=\count167
\c@chapter=\count168
\c@section=\count169
\c@subsection=\count170
\c@subsubsection=\count171
\c@paragraph=\count172
\c@subparagraph=\count173
\c@figure=\count174
\c@table=\count175
\abovecaptionskip=\skip47
\belowcaptionskip=\skip48
\bibindent=\dimen134
)
(/usr/local/texlive/2020/texmf-dist/tex/latex/base/inputenc.sty
Package: inputenc 2018/08/11 v1.3c Input encoding file
\inpenc@prehook=\toks15
\inpenc@posthook=\toks16

(/usr/local/texlive/2020/texmf-dist/tex/latex/ucs/utf8x.def
File: utf8x.def 2004/10/17 UCS: Input encoding UTF-8
))
(/usr/local/texlive/2020/texmf-dist/tex/latex/ucs/ucs.sty
Package: ucs 2013/05/11 v2.2 UCS: Unicode input support

(/usr/local/texlive/2020/texmf-dist/tex/latex/ucs/data/uni-global.def
File: uni-global.def 2013/05/13 UCS: Unicode global data
)
\uc@secondtry=\count176
\uc@combtoks=\toks17
\uc@combtoksb=\toks18
\uc@temptokena=\toks19
)
(/usr/local/texlive/2020/texmf-dist/tex/generic/babel/babel.sty
Package: babel 2020/03/22 3.42 The Babel package

(/usr/local/texlive/2020/texmf-dist/tex/generic/babel/switch.def
File: switch.def 2020/03/22 3.42 Babel switching mechanism
)
(/usr/local/texlive/2020/texmf-dist/tex/generic/babel-slovenian/slovene.ldf
Language: slovene 2005/03/31 v1.2m Slovene support from the babel system

(/usr/local/texlive/2020/texmf-dist/tex/generic/babel/babel.def
File: babel.def 2020/03/22 3.42 Babel common definitions
\babel@savecnt=\count177
\U@D=\dimen135

(/usr/local/texlive/2020/texmf-dist/tex/generic/babel/txtbabel.def)
\bbl@readstream=\read2
\bbl@dirlevel=\count178
)
Package babel Info: Making " an active character on input line 79.
)
(/usr/local/texlive/2020/texmf-dist/tex/generic/babel-english/english.ldf
Language: english 2017/06/06 v3.3r English support from the babel system
Package babel Info: \l@canadian = using hyphenrules for english
(babel)             (\language0) on input line 102.
Package babel Info: \l@australian = using hyphenrules for ukenglish
(babel)             (\language21) on input line 105.
Package babel Info: \l@newzealand = using hyphenrules for ukenglish
(babel)             (\language21) on input line 108.
))
(/usr/local/texlive/2020/texmf-dist/tex/latex/graphics/graphicx.sty
Package: graphicx 2019/11/30 v1.2a Enhanced LaTeX Graphics (DPC,SPQR)

(/usr/local/texlive/2020/texmf-dist/tex/latex/graphics/keyval.sty
Package: keyval 2014/10/28 v1.15 key=value parser (DPC)
\KV@toks@=\toks20
)
(/usr/local/texlive/2020/texmf-dist/tex/latex/graphics/graphics.sty
Package: graphics 2019/11/30 v1.4a Standard LaTeX Graphics (DPC,SPQR)

(/usr/local/texlive/2020/texmf-dist/tex/latex/graphics/trig.sty
Package: trig 2016/01/03 v1.10 sin cos tan (DPC)
)
(/usr/local/texlive/2020/texmf-dist/tex/latex/graphics-cfg/graphics.cfg
File: graphics.cfg 2016/06/04 v1.11 sample graphics configuration
)
Package graphics Info: Driver file: pdftex.def on input line 105.

(/usr/local/texlive/2020/texmf-dist/tex/latex/graphics-def/pdftex.def
File: pdftex.def 2018/01/08 v1.0l Graphics/color driver for pdftex
))
\Gin@req@height=\dimen136
\Gin@req@width=\dimen137
)
(/usr/local/texlive/2020/texmf-dist/tex/latex/fancyhdr/fancyhdr.sty
Package: fancyhdr 2019/01/31 v3.10 Extensive control of page headers and footer
s
\f@nch@headwidth=\skip49
\f@nch@O@elh=\skip50
\f@nch@O@erh=\skip51
\f@nch@O@olh=\skip52
\f@nch@O@orh=\skip53
\f@nch@O@elf=\skip54
\f@nch@O@erf=\skip55
\f@nch@O@olf=\skip56
\f@nch@O@orf=\skip57
)
(/usr/local/texlive/2020/texmf-dist/tex/latex/amsfonts/amssymb.sty
Package: amssymb 2013/01/14 v3.01 AMS font symbols

(/usr/local/texlive/2020/texmf-dist/tex/latex/amsfonts/amsfonts.sty
Package: amsfonts 2013/01/14 v3.01 Basic AMSFonts support
\@emptytoks=\toks21
\symAMSa=\mathgroup4
\symAMSb=\mathgroup5
LaTeX Font Info:    Redeclaring math symbol \hbar on input line 98.
LaTeX Font Info:    Overwriting math alphabet `\mathfrak' in version `bold'
(Font)                  U/euf/m/n --> U/euf/b/n on input line 106.
))
(/usr/local/texlive/2020/texmf-dist/tex/latex/amsmath/amsmath.sty
Package: amsmath 2020/01/20 v2.17e AMS math features
\@mathmargin=\skip58

For additional information on amsmath, use the `?' option.
(/usr/local/texlive/2020/texmf-dist/tex/latex/amsmath/amstext.sty
Package: amstext 2000/06/29 v2.01 AMS text

(/usr/local/texlive/2020/texmf-dist/tex/latex/amsmath/amsgen.sty
File: amsgen.sty 1999/11/30 v2.0 generic functions
\@emptytoks=\toks22
\ex@=\dimen138
))
(/usr/local/texlive/2020/texmf-dist/tex/latex/amsmath/amsbsy.sty
Package: amsbsy 1999/11/29 v1.2d Bold Symbols
\pmbraise@=\dimen139
)
(/usr/local/texlive/2020/texmf-dist/tex/latex/amsmath/amsopn.sty
Package: amsopn 2016/03/08 v2.02 operator names
)
\inf@bad=\count179
LaTeX Info: Redefining \frac on input line 227.
\uproot@=\count180
\leftroot@=\count181
LaTeX Info: Redefining \overline on input line 389.
\classnum@=\count182
\DOTSCASE@=\count183
LaTeX Info: Redefining \ldots on input line 486.
LaTeX Info: Redefining \dots on input line 489.
LaTeX Info: Redefining \cdots on input line 610.
\Mathstrutbox@=\box45
\strutbox@=\box46
\big@size=\dimen140
LaTeX Font Info:    Redeclaring font encoding OML on input line 733.
LaTeX Font Info:    Redeclaring font encoding OMS on input line 734.
\macc@depth=\count184
\c@MaxMatrixCols=\count185
\dotsspace@=\muskip16
\c@parentequation=\count186
\dspbrk@lvl=\count187
\tag@help=\toks23
\row@=\count188
\column@=\count189
\maxfields@=\count190
\andhelp@=\toks24
\eqnshift@=\dimen141
\alignsep@=\dimen142
\tagshift@=\dimen143
\tagwidth@=\dimen144
\totwidth@=\dimen145
\lineht@=\dimen146
\@envbody=\toks25
\multlinegap=\skip59
\multlinetaggap=\skip60
\mathdisplay@stack=\toks26
LaTeX Info: Redefining \[ on input line 2859.
LaTeX Info: Redefining \] on input line 2860.
)
(/usr/local/texlive/2020/texmf-dist/tex/latex/url/url.sty
\Urlmuskip=\muskip17
Package: url 2013/09/16  ver 3.4  Verb mode for urls, etc.
)
(/usr/local/texlive/2020/texmf-dist/tex/latex/comment/comment.sty
\CommentStream=\write3

Excluding comment 'comment')
(/usr/local/texlive/2020/texmf-dist/tex/latex/hyperref/hyperref.sty
Package: hyperref 2020/01/14 v7.00d Hypertext links for LaTeX

(/usr/local/texlive/2020/texmf-dist/tex/generic/ltxcmds/ltxcmds.sty
Package: ltxcmds 2019/12/15 v1.24 LaTeX kernel commands for general use (HO)
)
(/usr/local/texlive/2020/texmf-dist/tex/generic/iftex/iftex.sty
Package: iftex 2020/03/06 v1.0d TeX engine tests
)
(/usr/local/texlive/2020/texmf-dist/tex/latex/pdftexcmds/pdftexcmds.sty
Package: pdftexcmds 2019/11/24 v0.31 Utility functions of pdfTeX for LuaTeX (HO
)

(/usr/local/texlive/2020/texmf-dist/tex/generic/infwarerr/infwarerr.sty
Package: infwarerr 2019/12/03 v1.5 Providing info/warning/error messages (HO)
)
Package pdftexcmds Info: \pdf@primitive is available.
Package pdftexcmds Info: \pdf@ifprimitive is available.
Package pdftexcmds Info: \pdfdraftmode found.
)
(/usr/local/texlive/2020/texmf-dist/tex/generic/kvsetkeys/kvsetkeys.sty
Package: kvsetkeys 2019/12/15 v1.18 Key value parser (HO)
)
(/usr/local/texlive/2020/texmf-dist/tex/generic/kvdefinekeys/kvdefinekeys.sty
Package: kvdefinekeys 2019-12-19 v1.6 Define keys (HO)
)
(/usr/local/texlive/2020/texmf-dist/tex/generic/pdfescape/pdfescape.sty
Package: pdfescape 2019/12/09 v1.15 Implements pdfTeX's escape features (HO)
)
(/usr/local/texlive/2020/texmf-dist/tex/latex/hycolor/hycolor.sty
Package: hycolor 2020-01-27 v1.10 Color options for hyperref/bookmark (HO)
)
(/usr/local/texlive/2020/texmf-dist/tex/latex/letltxmacro/letltxmacro.sty
Package: letltxmacro 2019/12/03 v1.6 Let assignment for LaTeX macros (HO)
)
(/usr/local/texlive/2020/texmf-dist/tex/latex/auxhook/auxhook.sty
Package: auxhook 2019-12-17 v1.6 Hooks for auxiliary files (HO)
)
(/usr/local/texlive/2020/texmf-dist/tex/latex/kvoptions/kvoptions.sty
Package: kvoptions 2019/11/29 v3.13 Key value format for package options (HO)
)
\@linkdim=\dimen147
\Hy@linkcounter=\count191
\Hy@pagecounter=\count192

(/usr/local/texlive/2020/texmf-dist/tex/latex/hyperref/pd1enc.def
File: pd1enc.def 2020/01/14 v7.00d Hyperref: PDFDocEncoding definition (HO)
)
(/usr/local/texlive/2020/texmf-dist/tex/generic/intcalc/intcalc.sty
Package: intcalc 2019/12/15 v1.3 Expandable calculations with integers (HO)
)
(/usr/local/texlive/2020/texmf-dist/tex/generic/etexcmds/etexcmds.sty
Package: etexcmds 2019/12/15 v1.7 Avoid name clashes with e-TeX commands (HO)
)
\Hy@SavedSpaceFactor=\count193
Package hyperref Info: Option `colorlinks' set `true' on input line 4421.
Package hyperref Info: Hyper figures OFF on input line 4547.
Package hyperref Info: Link nesting OFF on input line 4552.
Package hyperref Info: Hyper index ON on input line 4555.
Package hyperref Info: Plain pages OFF on input line 4562.
Package hyperref Info: Backreferencing OFF on input line 4567.
Package hyperref Info: Implicit mode ON; LaTeX internals redefined.
Package hyperref Info: Bookmarks ON on input line 4800.
\c@Hy@tempcnt=\count194
LaTeX Info: Redefining \url on input line 5159.
\XeTeXLinkMargin=\dimen148

(/usr/local/texlive/2020/texmf-dist/tex/generic/bitset/bitset.sty
Package: bitset 2019/12/09 v1.3 Handle bit-vector datatype (HO)

(/usr/local/texlive/2020/texmf-dist/tex/generic/bigintcalc/bigintcalc.sty
Package: bigintcalc 2019/12/15 v1.5 Expandable calculations on big integers (HO
)
))
\Fld@menulength=\count195
\Field@Width=\dimen149
\Fld@charsize=\dimen150
Package hyperref Info: Hyper figures OFF on input line 6430.
Package hyperref Info: Link nesting OFF on input line 6435.
Package hyperref Info: Hyper index ON on input line 6438.
Package hyperref Info: backreferencing OFF on input line 6445.
Package hyperref Info: Link coloring OFF on input line 6450.
Package hyperref Info: Link coloring with OCG OFF on input line 6455.
Package hyperref Info: PDF/A mode OFF on input line 6460.
LaTeX Info: Redefining \ref on input line 6500.
LaTeX Info: Redefining \pageref on input line 6504.

(/usr/local/texlive/2020/texmf-dist/tex/generic/atbegshi/atbegshi.sty
Package: atbegshi 2019/12/05 v1.19 At begin shipout hook (HO)
)
\Hy@abspage=\count196
\c@Item=\count197
\c@Hfootnote=\count198
)
Package hyperref Info: Driver: hpdftex.

(/usr/local/texlive/2020/texmf-dist/tex/latex/hyperref/hpdftex.def
File: hpdftex.def 2020/01/14 v7.00d Hyperref driver for pdfTeX

(/usr/local/texlive/2020/texmf-dist/tex/latex/atveryend/atveryend.sty
Package: atveryend 2019-12-11 v1.11 Hooks at the very end of document (HO)
Package atveryend Info: \enddocument detected (standard20110627).
)
\Fld@listcount=\count199
\c@bookmark@seq@number=\count266

(/usr/local/texlive/2020/texmf-dist/tex/latex/rerunfilecheck/rerunfilecheck.sty
Package: rerunfilecheck 2019/12/05 v1.9 Rerun checks for auxiliary files (HO)

(/usr/local/texlive/2020/texmf-dist/tex/generic/uniquecounter/uniquecounter.sty
Package: uniquecounter 2019/12/15 v1.4 Provide unlimited unique counter (HO)
)
Package uniquecounter Info: New unique counter `rerunfilecheck' on input line 2
86.
)
\Hy@SectionHShift=\skip61
) (/usr/local/texlive/2020/texmf-dist/tex/latex/graphics/color.sty
Package: color 2019/11/23 v1.2a Standard LaTeX Color (DPC)

(/usr/local/texlive/2020/texmf-dist/tex/latex/graphics-cfg/color.cfg
File: color.cfg 2016/01/02 v1.6 sample color configuration
)
Package color Info: Driver file: pdftex.def on input line 147.
)
(/usr/local/texlive/2020/texmf-dist/tex/latex/soul/soul.sty
Package: soul 2003/11/17 v2.4 letterspacing/underlining (mf)
\SOUL@word=\toks27
\SOUL@lasttoken=\toks28
\SOUL@cmds=\toks29
\SOUL@buffer=\toks30
\SOUL@token=\toks31
\SOUL@spaceskip=\skip62
\SOUL@ttwidth=\dimen151
\SOUL@uldp=\dimen152
\SOUL@ulht=\dimen153
)
\c@izrek=\count267
\c@trditev=\count268
\countA=\count269

(/usr/local/texlive/2020/texmf-dist/tex/latex/xmpincl/xmpincl.sty
Package: xmpincl 2008/05/10 v2.2 Include XMP data in pdflatex

(/usr/local/texlive/2020/texmf-dist/tex/generic/iftex/ifpdf.sty
Package: ifpdf 2019/10/25 v3.4 ifpdf legacy package. Use iftex instead.
)
(/usr/local/texlive/2020/texmf-dist/tex/latex/base/ifthen.sty
Package: ifthen 2014/09/29 v1.1c Standard LaTeX ifthen package (DPC)
))
\xmpinclWrite=\write4
\xmpinclRead=\read3
\openout4 = `pdfa-1b.xmpi'.

<<pdfa-1b.xmpi>> (/usr/local/texlive/2020/texmf-dist/tex/latex/l3backend/l3back
end-pdfmode.def
File: l3backend-pdfmode.def 2020-03-12 L3 backend support: PDF mode
\l__kernel_color_stack_int=\count270
\l__pdf_internal_box=\box47
) (./AsanaMaster.aux

LaTeX Warning: Label `menu' multiply defined.

)
\openout1 = `AsanaMaster.aux'.

LaTeX Font Info:    Checking defaults for OML/cmm/m/it on input line 149.
LaTeX Font Info:    ... okay on input line 149.
LaTeX Font Info:    Checking defaults for OMS/cmsy/m/n on input line 149.
LaTeX Font Info:    ... okay on input line 149.
LaTeX Font Info:    Checking defaults for OT1/cmr/m/n on input line 149.
LaTeX Font Info:    ... okay on input line 149.
LaTeX Font Info:    Checking defaults for T1/cmr/m/n on input line 149.
LaTeX Font Info:    ... okay on input line 149.
LaTeX Font Info:    Checking defaults for TS1/cmr/m/n on input line 149.
LaTeX Font Info:    ... okay on input line 149.
LaTeX Font Info:    Checking defaults for OMX/cmex/m/n on input line 149.
LaTeX Font Info:    ... okay on input line 149.
LaTeX Font Info:    Checking defaults for U/cmr/m/n on input line 149.
LaTeX Font Info:    ... okay on input line 149.
LaTeX Font Info:    Checking defaults for PD1/pdf/m/n on input line 149.
LaTeX Font Info:    ... okay on input line 149.
 (/usr/local/texlive/2020/texmf-dist/tex/latex/ucs/ucsencs.def
File: ucsencs.def 2011/01/21 Fixes to fontencodings LGR, T3
)
(/usr/local/texlive/2020/texmf-dist/tex/context/base/mkii/supp-pdf.mkii
[Loading MPS to PDF converter (version 2006.09.02).]
\scratchcounter=\count271
\scratchdimen=\dimen154
\scratchbox=\box48
\nofMPsegments=\count272
\nofMParguments=\count273
\everyMPshowfont=\toks32
\MPscratchCnt=\count274
\MPscratchDim=\dimen155
\MPnumerator=\count275
\makeMPintoPDFobject=\count276
\everyMPtoPDFconversion=\toks33
) (/usr/local/texlive/2020/texmf-dist/tex/latex/epstopdf-pkg/epstopdf-base.sty
Package: epstopdf-base 2020-01-24 v2.11 Base part for package epstopdf
Package epstopdf-base Info: Redefining graphics rule for `.eps' on input line 4
85.

(/usr/local/texlive/2020/texmf-dist/tex/latex/latexconfig/epstopdf-sys.cfg
File: epstopdf-sys.cfg 2010/07/13 v1.3 Configuration of (r)epstopdf for TeX Liv
e
))
\AtBeginShipoutBox=\box49
Package hyperref Info: Link coloring OFF on input line 149.

(/usr/local/texlive/2020/texmf-dist/tex/latex/hyperref/nameref.sty
Package: nameref 2019/09/16 v2.46 Cross-referencing by name of section

(/usr/local/texlive/2020/texmf-dist/tex/latex/refcount/refcount.sty
Package: refcount 2019/12/15 v3.6 Data extraction from label references (HO)
)
(/usr/local/texlive/2020/texmf-dist/tex/generic/gettitlestring/gettitlestring.s
ty
Package: gettitlestring 2019/12/15 v1.6 Cleanup title references (HO)
)
\c@section@level=\count277
)
LaTeX Info: Redefining \ref on input line 149.
LaTeX Info: Redefining \pageref on input line 149.
LaTeX Info: Redefining \nameref on input line 149.
 (./AsanaMaster.out) (./AsanaMaster.out)
\@outlinefile=\write5
\openout5 = `AsanaMaster.out'.


(/usr/local/texlive/2020/texmf-dist/tex/latex/ucs/data/uni-1.def
File: uni-1.def 2013/05/13 UCS: Unicode data U+0100..U+01FF
) [1


{/usr/local/texlive/2020/texmf-var/fonts/map/pdftex/updmap/pdftex.map}]
LaTeX Font Info:    Trying to load font information for U+msa on input line 186
.

(/usr/local/texlive/2020/texmf-dist/tex/latex/amsfonts/umsa.fd
File: umsa.fd 2013/01/14 v3.01 AMS symbols A
)
LaTeX Font Info:    Trying to load font information for U+msb on input line 186
.

(/usr/local/texlive/2020/texmf-dist/tex/latex/amsfonts/umsb.fd
File: umsb.fd 2013/01/14 v3.01 AMS symbols B
)pdfTeX warning (ext4): destination with the same identifier (name{page.}) has 
been already used, duplicate ignored
<to be read again> 
                   \relax 
l.189 \clearemptydoublepage
                            [2]
Overfull \hbox (8.59827pt too wide) in paragraph at lines 204--206
\OT1/cmr/m/n/12 V di-plom-skem delu za-snujte mo-bilno apli-ka-cijo za osebno v
adbo joge. Omogo^^Tca
 []

pdfTeX warning (ext4): destination with the same identifier (name{page.}) has b
een already used, duplicate ignored
<to be read again> 
                   \relax 
l.210 \clearemptydoublepage
                            [3

]pdfTeX warning (ext4): destination with the same identifier (name{page.}) has 
been already used, duplicate ignored
<to be read again> 
                   \relax 
l.210 \clearemptydoublepage
                            [4

]pdfTeX warning (ext4): destination with the same identifier (name{page.}) has 
been already used, duplicate ignored
<to be read again> 
                   \relax 
l.219 \clearemptydoublepage
                            [5]pdfTeX warning (ext4): destination with the same
 identifier (name{page.}) has been already used, duplicate ignored
<to be read again> 
                   \relax 
l.219 \clearemptydoublepage
                            [6

] (./AsanaMaster.tocpdfTeX warning (ext4): destination with the same identifier
 (name{page.}) has been already used, duplicate ignored
<to be read again> 
                   \relax 
l.26 ...{5}Predstavitev aplikacije}{25}{chapter.5}
                                                  % [7

])
\tf@toc=\write6
\openout6 = `AsanaMaster.toc'.

pdfTeX warning (ext4): destination with the same identifier (name{page.}) has b
een already used, duplicate ignored
<to be read again> 
                   \relax 
l.228 \clearemptydoublepage
                            [8]
Overfull \hbox (1.76152pt too wide) in paragraph at lines 236--236
[]\OT1/cmr/bx/n/12 kratica| 
 []


Underfull \hbox (badness 10000) in paragraph at lines 237--237
[]\OT1/cmr/bx/n/12 integrated de-ve-lop-ment
 []


Underfull \hbox (badness 10000) in paragraph at lines 238--238
[]\OT1/cmr/bx/n/12 integrated de-ve-lop-ment
 []

pdfTeX warning (ext4): destination with the same identifier (name{page.}) has b
een already used, duplicate ignored
<to be read again> 
                   \relax 
l.244 \clearemptydoublepage
                            [9


]pdfTeX warning (ext4): destination with the same identifier (name{page.}) has 
been already used, duplicate ignored
<to be read again> 
                   \relax 
l.244 \clearemptydoublepage
                            [10

]pdfTeX warning (ext4): destination with the same identifier (name{page.}) has 
been already used, duplicate ignored
<to be read again> 
                   \relax 
l.265 \clearemptydoublepage
                            [11

]pdfTeX warning (ext4): destination with the same identifier (name{page.}) has 
been already used, duplicate ignored
<to be read again> 
                   \relax 
l.265 \clearemptydoublepage
                            [12

]pdfTeX warning (ext4): destination with the same identifier (name{page.}) has 
been already used, duplicate ignored
<to be read again> 
                   \relax 
l.288 \clearemptydoublepage
                            [13

]pdfTeX warning (ext4): destination with the same identifier (name{page.}) has 
been already used, duplicate ignored
<to be read again> 
                   \relax 
l.288 \clearemptydoublepage
                            [14

]
Poglavje 1.

Underfull \vbox (badness 5260) has occurred while \output is active []

 [1


]
[2]
Poglavje 2.

Package hyperref Warning: Composite letter `\textasciicaron+c'
(hyperref)                not defined in PD1 encoding,
(hyperref)                removing `\textasciicaron' on input line 305.


Underfull \hbox (badness 10000) in paragraph at lines 309--311

 []


Underfull \vbox (badness 1424) has occurred while \output is active []

 [3

]
[4] (/usr/local/texlive/2020/texmf-dist/tex/latex/ucs/data/uni-32.def
File: uni-32.def 2013/05/13 UCS: Unicode data U+2000..U+20FF
) [5]
[6]
Underfull \vbox (badness 10000) has occurred while \output is active []

 [7]
[8]
Poglavje 3.

Package hyperref Warning: Composite letter `\textasciicaron+c'
(hyperref)                not defined in PD1 encoding,
(hyperref)                removing `\textasciicaron' on input line 380.


Underfull \hbox (badness 10000) in paragraph at lines 388--389

 []

[9

]
<wireframes.png, id=251, 1160.335pt x 846.16125pt>
File: wireframes.png Graphic file (type png)
<use wireframes.png>
Package pdftex.def Info: wireframes.png  used on input line 393.
(pdftex.def)             Requested size: 406.12334pt x 296.16087pt.

Overfull \hbox (16.12334pt too wide) in paragraph at lines 393--394
 [] 
 []


Underfull \hbox (badness 10000) in paragraph at lines 401--402

 []

[10 <./wireframes.png>]
<arhitektura.png, id=262, 445.665pt x 169.63374pt>
File: arhitektura.png Graphic file (type png)
<use arhitektura.png>
Package pdftex.def Info: arhitektura.png  used on input line 405.
(pdftex.def)             Requested size: 401.09479pt x 152.66895pt.

Overfull \hbox (11.09479pt too wide) in paragraph at lines 405--406
 [] 
 []

[11 <./arhitektura.png>] [12] [13] [14

]
Poglavje 4.
[15] [16]
Overfull \hbox (4.92645pt too wide) in paragraph at lines 476--478
\OT1/cmr/m/n/12 pred-meta, za-go-ta-vljajo bolj^^Tso do-ku-men-ta-cijo in omogo
^^Tcajo Type-Scriptu,
 []

[17]
Overfull \hbox (5.74034pt too wide) in paragraph at lines 486--487
\OT1/cmr/m/n/12 (ki ga se-sta-vljajo ope-ra-cij-ski sis-tem, ki te-me-lji na Li
-nuxu, sple-tni stre^^Tznik
 []

[18]
Underfull \hbox (badness 10000) in paragraph at lines 494--496

 []


Overfull \hbox (18.9438pt too wide) in paragraph at lines 500--502
[]\OT1/cmr/m/n/12 Asanas: id (pri-marni klju^^Tc), name, de-scrip-tion, image, 
type, name[]sanskrit,
 []

[19]
<diagram.png, id=332, 1011.78pt x 686.565pt>
File: diagram.png Graphic file (type png)
<use diagram.png>
Package pdftex.def Info: diagram.png  used on input line 510.
(pdftex.def)             Requested size: 384.4804pt x 260.89742pt.


Package hyperref Warning: Composite letter `\textasciicaron+c'
(hyperref)                not defined in PD1 encoding,
(hyperref)                removing `\textasciicaron' on input line 516.

<server.jpg, id=333, 1186.4325pt x 710.655pt>
File: server.jpg Graphic file (type jpg)
<use server.jpg>
Package pdftex.def Info: server.jpg  used on input line 521.
(pdftex.def)             Requested size: 391.52394pt x 234.51688pt.

Overfull \hbox (1.52394pt too wide) in paragraph at lines 521--522
 [] 
 []

[20 <./diagram.png>] [21 <./server.jpg>]
<protoio.png, id=346, 1686.3pt x 1053.9375pt>
File: protoio.png Graphic file (type png)
<use protoio.png>
Package pdftex.def Info: protoio.png  used on input line 542.
(pdftex.def)             Requested size: 387.84085pt x 242.40053pt.
 [22 <./protoio.png>] [23] [24

]
Poglavje 5.
<expodeveloper.png, id=363, 1683.28876pt x 847.165pt>
File: expodeveloper.png Graphic file (type png)
<use expodeveloper.png>
Package pdftex.def Info: expodeveloper.png  used on input line 561.
(pdftex.def)             Requested size: 390.0pt x 196.2787pt.
[25 <./expodeveloper.png>]
<prijava.jpg, id=372, 1084.05pt x 2409.0pt>
File: prijava.jpg Graphic file (type jpg)
<use prijava.jpg>
Package pdftex.def Info: prijava.jpg  used on input line 572.
(pdftex.def)             Requested size: 167.69714pt x 372.65598pt.
<registracija.jpg, id=373, 1084.05pt x 2409.0pt>
File: registracija.jpg Graphic file (type jpg)
<use registracija.jpg>
Package pdftex.def Info: registracija.jpg  used on input line 576.
(pdftex.def)             Requested size: 167.69714pt x 372.65598pt.
 [26 <./prijava.jpg> <./registracija.jpg>]
<pozdrav1.jpg, id=380, 1078.0275pt x 2266.4675pt>
File: pozdrav1.jpg Graphic file (type jpg)
<use pozdrav1.jpg>
Package pdftex.def Info: pozdrav1.jpg  used on input line 586.
(pdftex.def)             Requested size: 167.69714pt x 352.54384pt.
<pozdrav2.jpg, id=381, 1079.03125pt x 2260.445pt>
File: pozdrav2.jpg Graphic file (type jpg)
<use pozdrav2.jpg>
Package pdftex.def Info: pozdrav2.jpg  used on input line 590.
(pdftex.def)             Requested size: 167.69714pt x 351.29663pt.
<menu1.jpg, id=383, 1084.05pt x 2409.0pt>
File: menu1.jpg Graphic file (type jpg)
<use menu1.jpg>
Package pdftex.def Info: menu1.jpg  used on input line 600.
(pdftex.def)             Requested size: 126.74881pt x 281.64235pt.
<menu2.jpg, id=384, 1084.05pt x 2409.0pt>
File: menu2.jpg Graphic file (type jpg)
<use menu2.jpg>
Package pdftex.def Info: menu2.jpg  used on input line 604.
(pdftex.def)             Requested size: 126.74881pt x 281.64235pt.
<menu3.jpg, id=385, 1084.05pt x 2409.0pt>
File: menu3.jpg Graphic file (type jpg)
<use menu3.jpg>
Package pdftex.def Info: menu3.jpg  used on input line 607.
(pdftex.def)             Requested size: 126.74881pt x 281.64235pt.

Overfull \hbox (6.055pt too wide) in paragraph at lines 612--614
[]\OT1/cmr/m/n/12 Podmeni \OT1/cmr/m/it/12 Asa-nas \OT1/cmr/m/n/12 je raz-de-lj
en na tri do-da-tne pod-me-nije, ki dolo^^Tcajo razli^^Tcne
 []


Underfull \hbox (badness 10000) in paragraph at lines 612--614

 []

[27 <./pozdrav1.jpg> <./pozdrav2.jpg>]
<asanas.jpg, id=394, 1084.05pt x 2409.0pt>
File: asanas.jpg Graphic file (type jpg)
<use asanas.jpg>
Package pdftex.def Info: asanas.jpg  used on input line 618.
(pdftex.def)             Requested size: 124.80286pt x 277.30486pt.
<beginnerasanas.jpg, id=395, 1084.05pt x 2409.0pt>
File: beginnerasanas.jpg Graphic file (type jpg)
<use beginnerasanas.jpg>
Package pdftex.def Info: beginnerasanas.jpg  used on input line 621.
(pdftex.def)             Requested size: 124.80286pt x 277.30486pt.
<crowposeasana.jpg, id=396, 1084.05pt x 2409.0pt>
File: crowposeasana.jpg Graphic file (type jpg)
<use crowposeasana.jpg>
Package pdftex.def Info: crowposeasana.jpg  used on input line 626.
(pdftex.def)             Requested size: 124.80286pt x 277.30486pt.
<videoasana.jpg, id=397, 404.51125pt x 858.20625pt>
File: videoasana.jpg Graphic file (type jpg)
<use videoasana.jpg>
Package pdftex.def Info: videoasana.jpg  used on input line 629.
(pdftex.def)             Requested size: 124.80286pt x 264.77095pt.


LaTeX Warning: Float too large for page by 65.00986pt on input line 633.

[28 <./menu1.jpg> <./menu2.jpg> <./menu3.jpg>] [29 <./asanas.jpg> <./beginneras
anas.jpg> <./crowposeasana.jpg> <./videoasana.jpg>]
<goals.jpg, id=411, 1084.05pt x 2409.0pt>
File: goals.jpg Graphic file (type jpg)
<use goals.jpg>
Package pdftex.def Info: goals.jpg  used on input line 640.
(pdftex.def)             Requested size: 191.10214pt x 424.66902pt.
<splits.jpg, id=412, 1084.05pt x 2409.0pt>
File: splits.jpg Graphic file (type jpg)
<use splits.jpg>
Package pdftex.def Info: splits.jpg  used on input line 643.
(pdftex.def)             Requested size: 191.10214pt x 424.66902pt.

Underfull \vbox (badness 2856) has occurred while \output is active []

 [30 <./goals.jpg> <./splits.jpg>]
<ikonanotes.jpg, id=419, 1084.05pt x 285.065pt>
File: ikonanotes.jpg Graphic file (type jpg)
<use ikonanotes.jpg>
Package pdftex.def Info: ikonanotes.jpg  used on input line 654.
(pdftex.def)             Requested size: 214.50119pt x 56.40302pt.
<fullnotes.jpg, id=420, 1084.05pt x 512.91624pt>
File: fullnotes.jpg Graphic file (type jpg)
<use fullnotes.jpg>
Package pdftex.def Info: fullnotes.jpg  used on input line 657.
(pdftex.def)             Requested size: 163.79929pt x 77.49762pt.

Underfull \hbox (badness 10000) in paragraph at lines 659--659

 []

<emptyphoto.jpg, id=422, 1084.05pt x 336.25626pt>
File: emptyphoto.jpg Graphic file (type jpg)
<use emptyphoto.jpg>
Package pdftex.def Info: emptyphoto.jpg  used on input line 668.
(pdftex.def)             Requested size: 218.39905pt x 67.74261pt.
<slike.jpg, id=423, 1084.05pt x 455.7025pt>
File: slike.jpg Graphic file (type jpg)
<use slike.jpg>
Package pdftex.def Info: slike.jpg  used on input line 671.
(pdftex.def)             Requested size: 163.79929pt x 68.85306pt.

Underfull \hbox (badness 10000) in paragraph at lines 673--673

 []


LaTeX Warning: Reference `crop' on page 31 undefined on input line 677.

<galerija.jpg, id=424, 1084.05pt x 2409.0pt>
File: galerija.jpg Graphic file (type jpg)
<use galerija.jpg>
Package pdftex.def Info: galerija.jpg  used on input line 682.
(pdftex.def)             Requested size: 124.80286pt x 277.30486pt.
<photocrop.jpg, id=425, 1084.05pt x 2409.0pt>
File: photocrop.jpg Graphic file (type jpg)
<use photocrop.jpg>
Package pdftex.def Info: photocrop.jpg  used on input line 686.
(pdftex.def)             Requested size: 124.80286pt x 277.30486pt.
<pregledslik.jpg, id=426, 1084.05pt x 2409.0pt>
File: pregledslik.jpg Graphic file (type jpg)
<use pregledslik.jpg>
Package pdftex.def Info: pregledslik.jpg  used on input line 689.
(pdftex.def)             Requested size: 124.80286pt x 277.30486pt.

Underfull \hbox (badness 10000) in paragraph at lines 691--691

 []

[31 <./ikonanotes.jpg> <./fullnotes.jpg> <./emptyphoto.jpg> <./slike.jpg>]
<emptyprogress.jpg, id=433, 1084.05pt x 551.05875pt>
File: emptyprogress.jpg Graphic file (type jpg)
<use emptyprogress.jpg>
Package pdftex.def Info: emptyprogress.jpg  used on input line 699.
(pdftex.def)             Requested size: 179.40262pt x 91.18983pt.
<fullprogress.jpg, id=434, 1084.05pt x 519.9425pt>
File: fullprogress.jpg Graphic file (type jpg)
<use fullprogress.jpg>
Package pdftex.def Info: fullprogress.jpg  used on input line 702.
(pdftex.def)             Requested size: 191.10214pt x 91.65773pt.

[32 <./galerija.jpg> <./photocrop.jpg> <./pregledslik.jpg> <./emptyprogress.jpg
> <./fullprogress.jpg>]
<random.jpg, id=442, 1084.05pt x 2409.0pt>
File: random.jpg Graphic file (type jpg)
<use random.jpg>
Package pdftex.def Info: random.jpg  used on input line 713.
(pdftex.def)             Requested size: 159.90143pt x 355.30605pt.
<ustvarjanjezapiska.jpg, id=443, 508.90125pt x 1129.21875pt>
File: ustvarjanjezapiska.jpg Graphic file (type jpg)
<use ustvarjanjezapiska.jpg>
Package pdftex.def Info: ustvarjanjezapiska.jpg  used on input line 716.
(pdftex.def)             Requested size: 159.90143pt x 354.8098pt.
 [33 <./random.jpg> <./ustvarjanjezapiska.jpg>]
<ogledzapiska.jpg, id=450, 1084.05pt x 2409.0pt>
File: ogledzapiska.jpg Graphic file (type jpg)
<use ogledzapiska.jpg>
Package pdftex.def Info: ogledzapiska.jpg  used on input line 728.
(pdftex.def)             Requested size: 175.49881pt x 389.96915pt.
 [34 <./ogledzapiska.jpg>]
Poglavje 6.

Underfull \vbox (badness 2689) has occurred while \output is active []

 [35

]
[36] (./AsanaMaster.bbl
Underfull \hbox (badness 10000) in paragraph at lines 4--8
[]\OT1/cmr/m/n/12 arhitektura.  Do-se-gljivo: []$\OT1/cmtt/m/n/12 http : / / co
los . fri . uni -[] lj . si / ERI /
 []


Underfull \hbox (badness 10000) in paragraph at lines 4--8
\OT1/cmtt/m/n/12 RACUNALNISTVO / PODATKOVNE _ BAZE / trinivojska _ arhitektura 
. html$[]\OT1/cmr/m/n/12 .
 []


Underfull \hbox (badness 3724) in paragraph at lines 47--51
[]\OT1/cmr/m/n/12 Js.  Do-se-gljivo: []$\OT1/cmtt/m/n/12 https : / / www . thes
erverside . com / definition /
 []


Underfull \hbox (badness 1590) in paragraph at lines 53--57
[]\OT1/cmr/m/n/12 Mysql.  Do-se-gljivo: []$\OT1/cmtt/m/n/12 https : / / www . d
igitalocean . com / community /
 []

[37


]
Underfull \hbox (badness 1072) in paragraph at lines 80--83
[]\OT1/cmr/m/n/12 Tableplus.  Do-se-gljivo: []$\OT1/cmtt/m/n/12 https : / / mar
iadb . com / kb / en / tableplus/$[]\OT1/cmr/m/n/12 .
 []


Underfull \hbox (badness 6910) in paragraph at lines 106--109
[]\OT1/cmr/m/n/12 Wireframepro.  Do-se-gljivo: []$\OT1/cmtt/m/n/12 https : / / 
www . mockflow . com / apps /
 []


Underfull \hbox (badness 6477) in paragraph at lines 111--115
[]\OT1/cmr/m/n/12 yoga108.  Do-se-gljivo: []$\OT1/cmtt/m/n/12 https : / / play 
. google . com / store / apps /
 []


Underfull \hbox (badness 1342) in paragraph at lines 111--115
\OT1/cmtt/m/n/12 details ? id = com . yogiclife & hl = en _ US & gl = US$[]\OT1
/cmr/m/n/12 .  [Do-sto-pano: 2. 9.
 []

)
Package atveryend Info: Empty hook `BeforeClearDocument' on input line 761.
 [38]
Package atveryend Info: Empty hook `AfterLastShipout' on input line 761.
 (./AsanaMaster.aux)
Package atveryend Info: Executing hook `AtVeryEndDocument' on input line 761.
Package atveryend Info: Executing hook `AtEndAfterFileList' on input line 761.
Package rerunfilecheck Info: File `AsanaMaster.out' has not changed.
(rerunfilecheck)             Checksum: 54DE667F4B4DEDA3CF98480E940BA0AB;1565.


LaTeX Warning: There were undefined references.


LaTeX Warning: There were multiply-defined labels.

Package atveryend Info: Empty hook `AtVeryVeryEnd' on input line 761.
 ) 
Here is how much of TeX's memory you used:
 8968 strings out of 480608
 128385 string characters out of 5903630
 403950 words of memory out of 5000000
 24525 multiletter control sequences out of 15000+600000
 541878 words of font info for 58 fonts, out of 8000000 for 9000
 1141 hyphenation exceptions out of 8191
 34i,12n,45p,1208b,583s stack positions out of 5000i,500n,10000p,200000b,80000s
{/usr/local/texlive/2020/texmf-dist/fonts/enc/dvips/cm-super/cm-super-ts1.enc
}</usr/local/texlive/2020/texmf-dist/fonts/type1/public/amsfonts/cm/cmbx12.pfb>
</usr/local/texlive/2020/texmf-dist/fonts/type1/public/amsfonts/cm/cmcsc10.pfb>
</usr/local/texlive/2020/texmf-dist/fonts/type1/public/amsfonts/cm/cmr12.pfb></
usr/local/texlive/2020/texmf-dist/fonts/type1/public/amsfonts/cm/cmr17.pfb></us
r/local/texlive/2020/texmf-dist/fonts/type1/public/amsfonts/cm/cmsl12.pfb></usr
/local/texlive/2020/texmf-dist/fonts/type1/public/amsfonts/cm/cmti12.pfb></usr/
local/texlive/2020/texmf-dist/fonts/type1/public/amsfonts/cm/cmti8.pfb></usr/lo
cal/texlive/2020/texmf-dist/fonts/type1/public/amsfonts/cm/cmtt12.pfb></usr/loc
al/texlive/2020/texmf-dist/fonts/type1/public/cm-super/sfrm1200.pfb>
Output written on AsanaMaster.pdf (52 pages, 8703343 bytes).
PDF statistics:
 565 PDF objects out of 1000 (max. 8388607)
 459 compressed objects within 5 object streams
 115 named destinations out of 1000 (max. 500000)
 368 words of extra memory for PDF output out of 10000 (max. 10000000)

